[MASTER] 10:59:12.497 [pool-2-thread-1] ERROR TestClusterGenerator - Problem for tutorial.ParameterMutatorInEachBranch. Failed to add dependencies for class tutorial.Person: java.lang.TypeNotPresentException: Type tutorial.Cat not present
[sun.reflect.generics.factory.CoreReflectionFactory.makeNamedType(CoreReflectionFactory.java:117), sun.reflect.generics.visitor.Reifier.visitClassTypeSignature(Reifier.java:125), sun.reflect.generics.tree.ClassTypeSignature.accept(ClassTypeSignature.java:49), sun.reflect.generics.visitor.Reifier.reifyTypeArguments(Reifier.java:68), sun.reflect.generics.visitor.Reifier.visitClassTypeSignature(Reifier.java:138), sun.reflect.generics.tree.ClassTypeSignature.accept(ClassTypeSignature.java:49), sun.reflect.generics.repository.MethodRepository.getReturnType(MethodRepository.java:68), java.lang.reflect.Method.getGenericReturnType(Method.java:255), org.evosuite.setup.TestUsageChecker.canUse(TestUsageChecker.java:338), org.evosuite.setup.TestClusterGenerator.addDependencyClass(TestClusterGenerator.java:975), org.evosuite.setup.TestClusterGenerator.resolveDependencies(TestClusterGenerator.java:358), org.evosuite.setup.TestClusterGenerator.generateCluster(TestClusterGenerator.java:137), org.evosuite.setup.DependencyAnalysis.analyze(DependencyAnalysis.java:118), org.evosuite.setup.DependencyAnalysis.analyzeClass(DependencyAnalysis.java:132), org.evosuite.TestSuiteGenerator.initializeTargetClass(TestSuiteGenerator.java:110), org.evosuite.TestSuiteGenerator.generateTestSuite(TestSuiteGenerator.java:130), org.evosuite.rmi.service.ClientNodeImpl$1.run(ClientNodeImpl.java:145), java.util.concurrent.Executors$RunnableAdapter.call(Executors.java:511), java.util.concurrent.FutureTask.run(FutureTask.java:266), java.util.concurrent.ThreadPoolExecutor.runWorker(ThreadPoolExecutor.java:1149), java.util.concurrent.ThreadPoolExecutor$Worker.run(ThreadPoolExecutor.java:624), java.lang.Thread.run(Thread.java:748)]
[MASTER] 10:59:12.708 [pool-2-thread-1] ERROR ClientNodeImpl - Error when generating tests for: tutorial.ParameterMutatorInEachBranch with seed 1608631150092. Configuration id : default
java.lang.TypeNotPresentException: Type tutorial.Cat not present
	at sun.reflect.generics.factory.CoreReflectionFactory.makeNamedType(CoreReflectionFactory.java:117) ~[na:1.8.0_192]
	at sun.reflect.generics.visitor.Reifier.visitClassTypeSignature(Reifier.java:125) ~[na:1.8.0_192]
	at sun.reflect.generics.tree.ClassTypeSignature.accept(ClassTypeSignature.java:49) ~[na:1.8.0_192]
	at sun.reflect.generics.visitor.Reifier.reifyTypeArguments(Reifier.java:68) ~[na:1.8.0_192]
	at sun.reflect.generics.visitor.Reifier.visitClassTypeSignature(Reifier.java:138) ~[na:1.8.0_192]
	at sun.reflect.generics.tree.ClassTypeSignature.accept(ClassTypeSignature.java:49) ~[na:1.8.0_192]
	at sun.reflect.generics.repository.FieldRepository.getGenericType(FieldRepository.java:85) ~[na:1.8.0_192]
	at java.lang.reflect.Field.getGenericType(Field.java:247) ~[na:1.8.0_192]
	at org.evosuite.testcase.DefaultTestCase.addFields(DefaultTestCase.java:169) ~[evosuite-client-1.0.6.jar:na]
	at org.evosuite.testcase.DefaultTestCase.getObjects(DefaultTestCase.java:629) ~[evosuite-client-1.0.6.jar:na]
	at org.evosuite.testcase.DefaultTestCase.getRandomNonNullObject(DefaultTestCase.java:674) ~[evosuite-client-1.0.6.jar:na]
	at org.evosuite.testcase.TestFactory.insertRandomCall(TestFactory.java:2202) ~[evosuite-client-1.0.6.jar:na]
	at org.evosuite.testcase.mutation.RandomInsertion.insertStatement(RandomInsertion.java:82) ~[evosuite-client-1.0.6.jar:na]
	at org.evosuite.testcase.TestFactory.insertRandomStatement(TestFactory.java:2308) ~[evosuite-client-1.0.6.jar:na]
	at org.evosuite.testcase.factories.RandomLengthTestFactory.getRandomTestCase(RandomLengthTestFactory.java:69) ~[evosuite-client-1.0.6.jar:na]
	at org.evosuite.testcase.factories.RandomLengthTestFactory.getChromosome(RandomLengthTestFactory.java:89) ~[evosuite-client-1.0.6.jar:na]
	at org.evosuite.testcase.factories.RandomLengthTestFactory.getChromosome(RandomLengthTestFactory.java:40) ~[evosuite-client-1.0.6.jar:na]
	at org.evosuite.ga.archive.ArchiveTestChromosomeFactory.getChromosome(ArchiveTestChromosomeFactory.java:88) ~[evosuite-client-1.0.6.jar:na]
	at org.evosuite.ga.archive.ArchiveTestChromosomeFactory.getChromosome(ArchiveTestChromosomeFactory.java:35) ~[evosuite-client-1.0.6.jar:na]
	at org.evosuite.testsuite.factories.TestSuiteChromosomeFactory.getChromosome(TestSuiteChromosomeFactory.java:84) ~[evosuite-client-1.0.6.jar:na]
	at org.evosuite.testsuite.factories.TestSuiteChromosomeFactory.getChromosome(TestSuiteChromosomeFactory.java:35) ~[evosuite-client-1.0.6.jar:na]
	at org.evosuite.ga.metaheuristics.GeneticAlgorithm.generateRandomPopulation(GeneticAlgorithm.java:413) ~[evosuite-client-1.0.6.jar:na]
	at org.evosuite.ga.metaheuristics.GeneticAlgorithm.generateInitialPopulation(GeneticAlgorithm.java:356) ~[evosuite-client-1.0.6.jar:na]
	at org.evosuite.ga.metaheuristics.MonotonicGA.initializePopulation(MonotonicGA.java:204) ~[evosuite-client-1.0.6.jar:na]
	at org.evosuite.ga.metaheuristics.MonotonicGA.generateSolution(MonotonicGA.java:223) ~[evosuite-client-1.0.6.jar:na]
	at org.evosuite.strategy.WholeTestSuiteStrategy.generateTests(WholeTestSuiteStrategy.java:113) ~[evosuite-client-1.0.6.jar:na]
	at org.evosuite.TestSuiteGenerator.generateTests(TestSuiteGenerator.java:653) ~[evosuite-client-1.0.6.jar:na]
	at org.evosuite.TestSuiteGenerator.generateTestSuite(TestSuiteGenerator.java:236) ~[evosuite-client-1.0.6.jar:na]
	at org.evosuite.rmi.service.ClientNodeImpl$1.run(ClientNodeImpl.java:145) ~[evosuite-client-1.0.6.jar:na]
	at java.util.concurrent.Executors$RunnableAdapter.call(Executors.java:511) [na:1.8.0_192]
	at java.util.concurrent.FutureTask.run(FutureTask.java:266) [na:1.8.0_192]
	at java.util.concurrent.ThreadPoolExecutor.runWorker(ThreadPoolExecutor.java:1149) [na:1.8.0_192]
	at java.util.concurrent.ThreadPoolExecutor$Worker.run(ThreadPoolExecutor.java:624) [na:1.8.0_192]
	at java.lang.Thread.run(Thread.java:748) [na:1.8.0_192]
Caused by: java.lang.ClassNotFoundException: Class 'tutorial/Cat.class' should be in target project, but could not be found!
	at org.evosuite.instrumentation.InstrumentingClassLoader.instrumentClass(InstrumentingClassLoader.java:201) ~[evosuite-client-1.0.6.jar:na]
	at org.evosuite.instrumentation.InstrumentingClassLoader.loadClass(InstrumentingClassLoader.java:168) ~[evosuite-client-1.0.6.jar:na]
	at java.lang.Class.forName0(Native Method) ~[na:1.8.0_192]
	at java.lang.Class.forName(Class.java:348) ~[na:1.8.0_192]
	at sun.reflect.generics.factory.CoreReflectionFactory.makeNamedType(CoreReflectionFactory.java:114) ~[na:1.8.0_192]
	... 33 common frames omitted
Caused by: java.lang.ClassNotFoundException: Class 'tutorial/Cat.class' should be in target project, but could not be found!
	at org.evosuite.instrumentation.InstrumentingClassLoader.instrumentClass(InstrumentingClassLoader.java:188) ~[evosuite-client-1.0.6.jar:na]
	... 37 common frames omitted
